<?xml version="1.0" encoding="UTF-8"?>
<testsuite xmlns:xsi="http://www.w3.org/2001/XMLSchema-instance" xsi:noNamespaceSchemaLocation="https://maven.apache.org/surefire/maven-surefire-plugin/xsd/surefire-test-report.xsd" version="3.0.2" name="auca.ac.rw.Assignment1.Assignment1ApplicationTests" time="2.87" tests="1" errors="0" skipped="0" failures="0">
  <properties>
[...]
</properties>
  <testcase name="contextLoads" classname="auca.ac.rw.Assignment1.Assignment1ApplicationTests" time="0.724">
    <system-out><![CDATA[10:13:20.617 [main] INFO org.springframework.test.context.support.AnnotationConfigContextLoaderUtils -- Could not detect default configuration classes for test class [auca.ac.rw.Assignment1.Assignment1ApplicationTests]: Assignment1ApplicationTests does not declare any static, non-private, non-final, nested classes annotated with @Configuration.
10:13:20.740 [main] INFO org.springframework.boot.test.context.SpringBootTestContextBootstrapper -- Found @SpringBootConfiguration auca.ac.rw.Assignment1.Assignment1Application for test class auca.ac.rw.Assignment1.Assignment1ApplicationTests

  .   ____          _            __ _ _
 /\\ / ___'_ __ _ _(_)_ __  __ _ \ \ \ \
( ( )\___ | '_ | '_| | '_ \/ _` | \ \ \ \
 \\/  ___)| |_)| | | | | || (_| |  ) ) ) )
  '  |____| .__|_| |_|_| |_\__, | / / / /
 =========|_|==============|___/=/_/_/_/

 :: Spring Boot ::                (v4.0.2)

2026-02-09T10:13:21.311+02:00  INFO 15276 --- [Assignment1] [           main] a.a.r.A.Assignment1ApplicationTests      : Starting Assignment1ApplicationTests using Java 17.0.12 with PID 15276 (started by Ray in C:\Users\Rayal\Desktop\SEM 9\WebTech\Assignment1\Assignment1)
2026-02-09T10:13:21.312+02:00  INFO 15276 --- [Assignment1] [           main] a.a.r.A.Assignment1ApplicationTests      : No active profile set, falling back to 1 default profile: "default"
2026-02-09T10:13:22.500+02:00  INFO 15276 --- [Assignment1] [           main] a.a.r.A.Assignment1ApplicationTests      : Started Assignment1ApplicationTests in 1.527 seconds (process running for 2.855)
]]></system-out>
  </testcase>
</testsuite>